Using pre-set license
Built from '2020.2/release' branch; Version is '2020.2.2f1 (068178b99f32) revision 426360'; Using compiler version '192528614'; Build Type 'Release'
OS: 'Windows 10 Home; OS build 19041.804; Version 2004; 64bit' Language: 'en' Physical Memory: 16283 MB
BatchMode: 1, IsHumanControllingUs: 0, StartBugReporterOnCrash: 0, Is64bit: 1, IsPro: 0

 COMMAND LINE ARGUMENTS:
C:\Program Files\Unity\Hub\Editor\2020.2.2f1\Editor\Unity.exe
-adb2
-batchMode
-noUpm
-name
AssetImportWorker0
-projectPath
C:/Users/kyleg/Unity Workspace/School/Capstone Prototyping/HorrorGame
-logFile
Logs/AssetImportWorker0.log
-srvPort
61726
Successfully changed project path to: C:/Users/kyleg/Unity Workspace/School/Capstone Prototyping/HorrorGame
C:/Users/kyleg/Unity Workspace/School/Capstone Prototyping/HorrorGame
Using Asset Import Pipeline V2.
Refreshing native plugins compatible for Editor in 111.81 ms, found 0 plugins.
Preloading 0 native plugins for Editor in 0.00 ms.
Initialize engine version: 2020.2.2f1 (068178b99f32)
[Subsystems] Discovering subsystems at path C:/Program Files/Unity/Hub/Editor/2020.2.2f1/Editor/Data/Resources/UnitySubsystems
[Subsystems] Discovering subsystems at path C:/Users/kyleg/Unity Workspace/School/Capstone Prototyping/HorrorGame/Assets
GfxDevice: creating device client; threaded=0
Direct3D:
    Version:  Direct3D 11.0 [level 11.1]
    Renderer: NVIDIA GeForce GTX 1060 with Max-Q Design (ID=0x1c20)
    Vendor:   
    VRAM:     6052 MB
    Driver:   27.21.14.6140
Initialize mono
Mono path[0] = 'C:/Program Files/Unity/Hub/Editor/2020.2.2f1/Editor/Data/Managed'
Mono path[1] = 'C:/Program Files/Unity/Hub/Editor/2020.2.2f1/Editor/Data/MonoBleedingEdge/lib/mono/unityjit'
Mono config path = 'C:/Program Files/Unity/Hub/Editor/2020.2.2f1/Editor/Data/MonoBleedingEdge/etc'
Using monoOptions --debugger-agent=transport=dt_socket,embedding=1,server=y,suspend=n,address=127.0.0.1:56316
Begin MonoManager ReloadAssembly
Registering precompiled unity dll's ...
Register platform support module: C:/Program Files/Unity/Hub/Editor/2020.2.2f1/Editor/Data/PlaybackEngines/WebGLSupport/UnityEditor.WebGL.Extensions.dll
Register platform support module: C:/Program Files/Unity/Hub/Editor/2020.2.2f1/Editor/Data/PlaybackEngines/WindowsStandaloneSupport/UnityEditor.WindowsStandalone.Extensions.dll
Registered in 0.002709 seconds.
Native extension for WindowsStandalone target not found
Native extension for WebGL target not found
Refreshing native plugins compatible for Editor in 81.92 ms, found 0 plugins.
Preloading 0 native plugins for Editor in 0.00 ms.
Invoked RoslynAnalysisRunner static constructor.
RoslynAnalysisRunner will not be running.
RoslynAnalysisRunner has terminated.
Mono: successfully reloaded assembly
- Completed reload, in  1.349 seconds
Platform modules already initialized, skipping
Registering precompiled user dll's ...
Registered in 0.001525 seconds.
Begin MonoManager ReloadAssembly
Native extension for WindowsStandalone target not found
Native extension for WebGL target not found
Refreshing native plugins compatible for Editor in 78.88 ms, found 0 plugins.
Preloading 0 native plugins for Editor in 0.00 ms.
Invoked RoslynAnalysisRunner static constructor.
RoslynAnalysisRunner will not be running.
RoslynAnalysisRunner has terminated.
Mono: successfully reloaded assembly
- Completed reload, in  1.584 seconds
Platform modules already initialized, skipping
========================================================================
Worker process is ready to serve import requests
Launched and connected shader compiler UnityShaderCompiler.exe after 0.05 seconds
Refreshing native plugins compatible for Editor in 0.69 ms, found 0 plugins.
Preloading 0 native plugins for Editor in 0.00 ms.
Unloading 3969 Unused Serialized files (Serialized files now loaded: 0)
System memory in use before: 195.9 MB.
System memory in use after: 193.3 MB.

Unloading 177 unused Assets to reduce memory usage. Loaded Objects now: 4377.
Total: 7.226000 ms (FindLiveObjects: 0.434900 ms CreateObjectMapping: 0.845400 ms MarkObjects: 3.808200 ms  DeleteObjects: 2.136500 ms)

========================================================================
Received Import Request.
  path: Assets/TestScene.unity
  artifactKey: Guid(60c2ccbeb55203b47bc69587206d9f6a) Importer(815301076,1909f56bfc062723c751e8b465ee728b)
Start importing Assets/TestScene.unity using Guid(60c2ccbeb55203b47bc69587206d9f6a) Importer(815301076,1909f56bfc062723c751e8b465ee728b)  -> (artifact id: '65b81a25679df096742e263bd7124436') in 0.014310 seconds
  Import took 0.022697 seconds .

========================================================================
Received Import Request.
  Time since last request: 0.000444 seconds.
  path: Assets/Team Assets/Raw ModelsMaterials
  artifactKey: Guid(6e89bce69037a2a43b613c77235a1495) Importer(815301076,1909f56bfc062723c751e8b465ee728b)
Start importing Assets/Team Assets/Raw ModelsMaterials using Guid(6e89bce69037a2a43b613c77235a1495) Importer(815301076,1909f56bfc062723c751e8b465ee728b)  -> (artifact id: 'ab1fc37e8307eadd9bffa98506253597') in 0.009974 seconds
  Import took 0.020102 seconds .

========================================================================
Received Import Request.
  Time since last request: 1.027879 seconds.
  path: Assets/Team Assets/Prefabs
  artifactKey: Guid(e40de9fe34a556a41bb4862eaa48964a) Importer(815301076,1909f56bfc062723c751e8b465ee728b)
Start importing Assets/Team Assets/Prefabs using Guid(e40de9fe34a556a41bb4862eaa48964a) Importer(815301076,1909f56bfc062723c751e8b465ee728b)  -> (artifact id: '454277eb717adeb45a37202b328f1b4e') in 0.013624 seconds
  Import took 0.030268 seconds .

========================================================================
Received Import Request.
  Time since last request: 0.051131 seconds.
  path: Assets/Team Assets/Prefabs/TileFloor.prefab
  artifactKey: Guid(7fc5633d91b8b3f4f9a849aa1f2665fb) Importer(815301076,1909f56bfc062723c751e8b465ee728b)
Start importing Assets/Team Assets/Prefabs/TileFloor.prefab using Guid(7fc5633d91b8b3f4f9a849aa1f2665fb) Importer(815301076,1909f56bfc062723c751e8b465ee728b)  -> (artifact id: 'cbcb2cc7079bd8fa1c8abb602b8deb16') in 4.886406 seconds
  Import took 4.905259 seconds .

